2024-11-18 13:58:40 INFO Getting datasets from examination 12315
2024-11-18 13:58:51 INFO Getting datasets from examination 44296
2024-11-18 13:58:51 ERROR Error for exam 44296 : Access Denied
2024-11-18 13:58:51 INFO Getting datasets from examination 52135
2024-11-18 13:58:51 INFO Getting datasets from examination 52179
2024-11-18 13:58:51 INFO Getting datasets from examination 36428
2024-11-18 13:58:51 INFO Getting datasets from examination 55904
2024-11-18 13:58:51 INFO Starting new executions...
2024-11-18 13:58:52 INFO 1 out of 9 items processed.
2024-11-18 13:58:52 INFO 2 out of 9 items processed.
2024-11-18 13:58:52 INFO 3 out of 9 items processed.
2024-11-18 13:58:52 INFO 4 out of 9 items processed.
2024-11-18 13:58:52 INFO 5 out of 9 items processed.
2024-11-18 13:58:52 INFO 6 out of 9 items processed.
2024-11-18 13:58:52 INFO 7 out of 9 items processed.
2024-11-18 13:58:52 INFO 8 out of 9 items processed.
2024-11-18 13:58:52 INFO 9 out of 9 items processed.
2024-11-18 13:58:52 INFO Executions ended.
2024-11-18 14:08:42 INFO Getting datasets from examination 12315
2024-11-18 14:08:47 ERROR Failed to connect, make sur you have a certified IP or are connected on a valid VPN.
2024-11-18 14:08:58 INFO Getting datasets from examination 12315
2024-11-18 14:09:01 ERROR Failed to connect, make sur you have a certified IP or are connected on a valid VPN.
2024-11-18 14:10:24 INFO Getting datasets from examination 12315
2024-11-18 14:10:27 INFO get keycloak token...
2024-11-18 14:10:28 INFO Getting datasets from examination 44296
2024-11-18 14:10:28 ERROR Error for exam 44296 : Access Denied
2024-11-18 14:10:28 INFO Getting datasets from examination 52135
2024-11-18 14:10:28 INFO Getting datasets from examination 52179
2024-11-18 14:10:28 INFO Getting datasets from examination 36428
2024-11-18 14:10:28 INFO Getting datasets from examination 55904
2024-11-18 14:10:41 INFO Getting datasets from examination 12315
2024-11-18 14:10:45 INFO get keycloak token...
2024-11-18 14:10:45 ERROR Failed to connect, make sur you have a certified IP or are connected on a valid VPN.
2024-11-18 14:10:58 INFO Getting datasets from examination 12315
2024-11-18 14:11:00 INFO get keycloak token...
2024-11-18 14:11:01 INFO Getting datasets from examination 44296
2024-11-18 14:11:01 ERROR Error for exam 44296 : Access Denied
2024-11-18 14:11:01 INFO Getting datasets from examination 52135
2024-11-18 14:11:01 INFO Getting datasets from examination 52179
2024-11-18 14:11:01 INFO Getting datasets from examination 36428
2024-11-18 14:11:01 INFO Getting datasets from examination 55904
2024-11-18 14:11:01 INFO Starting new executions...
2024-11-18 14:11:01 INFO 1 out of 9 items processed.
2024-11-18 14:11:01 INFO 2 out of 9 items processed.
2024-11-18 14:11:01 INFO 3 out of 9 items processed.
2024-11-18 14:11:01 INFO 4 out of 9 items processed.
2024-11-18 14:11:01 INFO 5 out of 9 items processed.
2024-11-18 14:11:01 INFO 6 out of 9 items processed.
2024-11-18 14:11:01 INFO 7 out of 9 items processed.
2024-11-18 14:11:01 INFO 8 out of 9 items processed.
2024-11-18 14:11:01 INFO 9 out of 9 items processed.
2024-11-18 14:11:01 INFO Executions ended.
2024-11-18 14:17:27 INFO Getting datasets from examination 12315
2024-11-18 14:17:30 INFO get keycloak token...
2024-11-18 14:17:30 ERROR Failed to connect, make sur you have a certified IP or are connected on a valid VPN.
2024-11-18 14:17:33 INFO Getting datasets from examination 12315
2024-11-18 14:17:37 INFO get keycloak token...
2024-11-18 14:17:37 ERROR Failed to connect, make sur you have a certified IP or are connected on a valid VPN.
2024-11-18 14:17:52 INFO Getting datasets from examination 12315
2024-11-18 14:17:55 INFO get keycloak token...
2024-11-18 14:17:55 INFO Getting datasets from examination 44296
2024-11-18 14:17:55 ERROR Error for exam 44296 : Access Denied
2024-11-18 14:17:55 INFO Getting datasets from examination 52135
2024-11-18 14:17:55 INFO Getting datasets from examination 52179
2024-11-18 14:17:55 INFO Getting datasets from examination 36428
2024-11-18 14:17:56 INFO Getting datasets from examination 55904
2024-11-18 14:17:56 INFO Starting new executions...
2024-11-18 14:17:56 INFO 1 out of 9 items processed.
2024-11-18 14:17:56 INFO 2 out of 9 items processed.
2024-11-18 14:17:56 INFO 3 out of 9 items processed.
2024-11-18 14:17:56 INFO 4 out of 9 items processed.
2024-11-18 14:17:56 INFO 5 out of 9 items processed.
2024-11-18 14:17:56 INFO 6 out of 9 items processed.
2024-11-18 14:17:56 INFO 7 out of 9 items processed.
2024-11-18 14:17:56 INFO 8 out of 9 items processed.
2024-11-18 14:17:56 INFO 9 out of 9 items processed.
2024-11-18 14:17:56 INFO Executions ended.
2024-11-18 14:24:44 INFO Getting datasets from examination 12315
2024-11-18 14:24:47 INFO get keycloak token...
2024-11-18 14:24:47 INFO Getting datasets from examination 44296
2024-11-18 14:24:47 ERROR Error for exam 44296 : Access Denied
2024-11-18 14:24:47 INFO Getting datasets from examination 52135
2024-11-18 14:24:47 INFO Getting datasets from examination 52179
2024-11-18 14:24:47 INFO Getting datasets from examination 36428
2024-11-18 14:24:47 INFO Getting datasets from examination 55904
2024-11-18 14:24:48 INFO Starting new executions...
2024-11-18 14:24:48 INFO 1 out of 9 items processed.
2024-11-18 14:24:48 INFO 2 out of 9 items processed.
2024-11-18 14:24:48 INFO 3 out of 9 items processed.
2024-11-18 14:24:48 INFO 4 out of 9 items processed.
2024-11-18 14:24:48 INFO 5 out of 9 items processed.
2024-11-18 14:24:48 INFO 6 out of 9 items processed.
2024-11-18 14:24:48 INFO 7 out of 9 items processed.
2024-11-18 14:24:48 INFO 8 out of 9 items processed.
2024-11-18 14:24:48 INFO 9 out of 9 items processed.
2024-11-18 14:24:48 INFO Executions ended.
