2025-11-19 16:03:16 INFO get keycloak token...
2025-11-19 16:03:16 INFO Getting datasets, building json content... 
2025-11-19 16:03:16 INFO Getting datasets from examination 31967
2025-11-19 16:03:25 INFO Getting datasets from examination 3197
2025-11-19 16:03:32 INFO Getting datasets from examination 3198
2025-11-19 16:03:40 INFO Getting datasets from examination 32026
2025-11-19 16:03:47 INFO Getting datasets from examination 1000000
2025-11-19 16:03:47 ERROR Error for exam 1000000
2025-11-19 16:03:47 ERROR An error occurred while downloading examination 1000000 from Shanoir
2025-11-19 16:03:47 INFO Getting datasets from examination 32005
2025-11-19 16:03:51 INFO Number of planned executiosn : 5
2025-11-19 16:03:51 INFO Starting new executions...
2025-11-19 16:03:51 INFO Execution 1, workflow-ssjirm is created.
2025-11-19 16:03:52 INFO Execution 2, workflow-op88pj is created.
2025-11-19 16:03:53 INFO Execution 3, workflow-5bciml is created.
2025-11-19 16:03:54 INFO Execution 4, workflow-g7z7z6 is created.
2025-11-19 16:03:55 INFO Execution 6, workflow-itbalh is created.
2025-11-19 16:04:07 INFO Failure for execution 2, workflow-op88pj
2025-11-19 16:04:07 INFO 1 out of 5 items processed.
2025-11-19 16:04:08 INFO Failure for execution 3, workflow-5bciml
2025-11-19 16:04:08 INFO 2 out of 5 items processed.
2025-11-19 16:04:09 INFO Failure for execution 4, workflow-g7z7z6
2025-11-19 16:04:09 INFO 3 out of 5 items processed.
2025-11-19 16:04:10 INFO Failure for execution 6, workflow-itbalh
2025-11-19 16:04:10 INFO 4 out of 5 items processed.
2025-11-19 16:04:11 INFO Failure for execution 1, workflow-ssjirm
2025-11-19 16:04:11 INFO 5 out of 5 items processed.
2025-11-19 16:04:11 INFO Executions ended.
