2025-11-19 16:38:56 INFO get keycloak token...
2025-11-19 16:38:56 INFO Getting datasets, building json content... 
2025-11-19 16:38:56 INFO Getting datasets from examination 34563
2025-11-19 16:39:07 INFO Getting datasets from examination 1000000
2025-11-19 16:39:14 ERROR Error for exam 1000000
2025-11-19 16:39:14 ERROR An error occurred while downloading examination 1000000 from Shanoir
2025-11-19 16:39:14 INFO Getting datasets from examination 44980
2025-11-19 16:39:28 INFO Getting datasets from examination 50339
2025-11-19 16:39:44 INFO Number of planned executions : 3
2025-11-19 16:39:44 INFO Starting new executions...
2025-11-19 16:39:47 INFO Executions ended.
2025-11-19 16:45:56 INFO get keycloak token...
2025-11-19 16:45:56 INFO Getting datasets, building json content... 
2025-11-19 16:45:56 INFO Getting datasets from examination 34563
2025-11-19 16:46:07 INFO Getting datasets from examination 1000000
2025-11-19 16:46:15 ERROR Error for exam 1000000
2025-11-19 16:46:15 ERROR An error occurred while downloading examination 1000000 from Shanoir
2025-11-19 16:46:15 INFO Getting datasets from examination 44980
2025-11-19 16:46:29 INFO Getting datasets from examination 50339
2025-11-19 16:46:45 INFO Number of planned executions : 3
2025-11-19 16:46:45 INFO Starting new executions...
2025-11-19 16:46:48 INFO Executions ended.
