2025-11-19 16:05:50 INFO get keycloak token...
2025-11-19 16:05:50 INFO Getting datasets, building json content... 
2025-11-19 16:05:50 INFO Getting datasets from examination 34563
2025-11-19 16:05:54 INFO Getting datasets from examination 1000000
2025-11-19 16:05:54 ERROR Error for exam 1000000
2025-11-19 16:05:54 ERROR An error occurred while downloading examination 1000000 from Shanoir
2025-11-19 16:05:54 INFO Getting datasets from examination 44980
2025-11-19 16:06:00 INFO Getting datasets from examination 50339
2025-11-19 16:06:08 INFO Number of planned executiosn : 3
2025-11-19 16:06:08 INFO Starting new executions...
2025-11-19 16:06:14 INFO Execution 1, workflow-r7tfo9 is created.
2025-11-19 16:06:20 INFO Execution 3, workflow-aj7fw8 is created.
2025-11-19 16:06:27 INFO Execution 4, workflow-qepn69 is created.
2025-11-19 16:06:34 INFO Failure for execution 4, workflow-qepn69
2025-11-19 16:06:34 INFO 1 out of 3 items processed.
2025-11-19 16:06:39 INFO Failure for execution 3, workflow-aj7fw8
2025-11-19 16:06:39 INFO Failure for execution 1, workflow-r7tfo9
2025-11-19 16:06:39 INFO 2 out of 3 items processed.
2025-11-19 16:06:39 INFO 3 out of 3 items processed.
2025-11-19 16:06:39 INFO Executions ended.
2025-11-19 16:38:05 INFO get keycloak token...
2025-11-19 16:38:05 INFO Getting datasets, building json content... 
2025-11-19 16:38:05 INFO Getting datasets from examination 34563
2025-11-19 16:38:09 INFO Getting datasets from examination 1000000
2025-11-19 16:38:09 ERROR Error for exam 1000000
2025-11-19 16:38:09 ERROR An error occurred while downloading examination 1000000 from Shanoir
2025-11-19 16:38:09 INFO Getting datasets from examination 44980
2025-11-19 16:38:15 INFO Getting datasets from examination 50339
2025-11-19 16:38:23 INFO Number of planned executions : 3
2025-11-19 16:38:23 INFO Starting new executions...
2025-11-19 16:38:30 INFO Execution 1, workflow-f2ilsm is created.
2025-11-19 16:38:35 INFO Execution 3, workflow-sezc4i is created.
2025-11-19 16:38:40 INFO Failure for execution 1, workflow-f2ilsm
2025-11-19 16:38:40 INFO 1 out of 3 items processed.
2025-11-19 16:38:40 INFO Failure for execution 3, workflow-sezc4i
2025-11-19 16:38:40 INFO 2 out of 3 items processed.
2025-11-19 16:38:41 INFO Execution 4, workflow-u5rkiz is created.
2025-11-19 16:38:46 INFO Failure for execution 4, workflow-u5rkiz
2025-11-19 16:38:46 INFO 3 out of 3 items processed.
2025-11-19 16:38:46 INFO Executions ended.
